<?xml version="1.0" encoding="UTF-8"?>
<testsuite xmlns:xsi="http://www.w3.org/2001/XMLSchema-instance" xsi:noNamespaceSchemaLocation="https://maven.apache.org/surefire/maven-surefire-plugin/xsd/surefire-test-report.xsd" name="salehqaseerH3.ServicesTest" time="2.578" tests="8" errors="0" skipped="0" failures="0">
  <properties>
    <property name="sun.desktop" value="windows"/>
    <property name="awt.toolkit" value="sun.awt.windows.WToolkit"/>
    <property name="java.specification.version" value="11"/>
    <property name="sun.cpu.isalist" value="amd64"/>
    <property name="sun.jnu.encoding" value="Cp1252"/>
    <property name="java.class.path" value="C:\Users\QaseerSaleh\Documents\DePaul\SE480\Homeworks\HW3\Sim5\MicroServicesSim\target\test-classes;C:\Users\QaseerSaleh\Documents\DePaul\SE480\Homeworks\HW3\Sim5\MicroServicesSim\target\classes;C:\Users\QaseerSaleh\.m2\repository\org\junit\jupiter\junit-jupiter-api\5.4.2\junit-jupiter-api-5.4.2.jar;C:\Users\QaseerSaleh\.m2\repository\org\apiguardian\apiguardian-api\1.0.0\apiguardian-api-1.0.0.jar;C:\Users\QaseerSaleh\.m2\repository\org\opentest4j\opentest4j\1.1.1\opentest4j-1.1.1.jar;C:\Users\QaseerSaleh\.m2\repository\org\junit\platform\junit-platform-commons\1.4.2\junit-platform-commons-1.4.2.jar;C:\Users\QaseerSaleh\.m2\repository\org\junit\jupiter\junit-jupiter-engine\5.4.2\junit-jupiter-engine-5.4.2.jar;C:\Users\QaseerSaleh\.m2\repository\org\junit\platform\junit-platform-engine\1.4.2\junit-platform-engine-1.4.2.jar;C:\Users\QaseerSaleh\.m2\repository\org\mockito\mockito-core\3.5.10\mockito-core-3.5.10.jar;C:\Users\QaseerSaleh\.m2\repository\net\bytebuddy\byte-buddy\1.10.13\byte-buddy-1.10.13.jar;C:\Users\QaseerSaleh\.m2\repository\net\bytebuddy\byte-buddy-agent\1.10.13\byte-buddy-agent-1.10.13.jar;C:\Users\QaseerSaleh\.m2\repository\org\objenesis\objenesis\3.1\objenesis-3.1.jar;C:\Users\QaseerSaleh\.m2\repository\com\netflix\hystrix\hystrix-core\1.5.4\hystrix-core-1.5.4.jar;C:\Users\QaseerSaleh\.m2\repository\com\netflix\archaius\archaius-core\0.4.1\archaius-core-0.4.1.jar;C:\Users\QaseerSaleh\.m2\repository\commons-configuration\commons-configuration\1.8\commons-configuration-1.8.jar;C:\Users\QaseerSaleh\.m2\repository\commons-lang\commons-lang\2.6\commons-lang-2.6.jar;C:\Users\QaseerSaleh\.m2\repository\commons-logging\commons-logging\1.1.1\commons-logging-1.1.1.jar;C:\Users\QaseerSaleh\.m2\repository\io\reactivex\rxjava\1.1.8\rxjava-1.1.8.jar;C:\Users\QaseerSaleh\.m2\repository\org\slf4j\slf4j-api\1.7.0\slf4j-api-1.7.0.jar;C:\Users\QaseerSaleh\.m2\repository\org\hdrhistogram\HdrHistogram\2.1.9\HdrHistogram-2.1.9.jar;"/>
    <property name="java.vm.vendor" value="Oracle Corporation"/>
    <property name="sun.arch.data.model" value="64"/>
    <property name="user.variant" value=""/>
    <property name="java.vendor.url" value="https://openjdk.java.net/"/>
    <property name="user.timezone" value="America/Chicago"/>
    <property name="java.vm.specification.version" value="11"/>
    <property name="os.name" value="Windows 10"/>
    <property name="sun.java.launcher" value="SUN_STANDARD"/>
    <property name="user.country" value="US"/>
    <property name="sun.boot.library.path" value="C:\Program Files\Java\jdk-11.0.8\bin"/>
    <property name="sun.java.command" value="C:\Users\QASEER~1\AppData\Local\Temp\surefire15376522252759057229\surefirebooter575015801299020894.jar C:\Users\QaseerSaleh\AppData\Local\Temp\surefire15376522252759057229 2021-12-02T10-36-07_655-jvmRun1 surefire12042263860157847694tmp surefire_02428224327909101237tmp"/>
    <property name="jdk.debug" value="release"/>
    <property name="surefire.test.class.path" value="C:\Users\QaseerSaleh\Documents\DePaul\SE480\Homeworks\HW3\Sim5\MicroServicesSim\target\test-classes;C:\Users\QaseerSaleh\Documents\DePaul\SE480\Homeworks\HW3\Sim5\MicroServicesSim\target\classes;C:\Users\QaseerSaleh\.m2\repository\org\junit\jupiter\junit-jupiter-api\5.4.2\junit-jupiter-api-5.4.2.jar;C:\Users\QaseerSaleh\.m2\repository\org\apiguardian\apiguardian-api\1.0.0\apiguardian-api-1.0.0.jar;C:\Users\QaseerSaleh\.m2\repository\org\opentest4j\opentest4j\1.1.1\opentest4j-1.1.1.jar;C:\Users\QaseerSaleh\.m2\repository\org\junit\platform\junit-platform-commons\1.4.2\junit-platform-commons-1.4.2.jar;C:\Users\QaseerSaleh\.m2\repository\org\junit\jupiter\junit-jupiter-engine\5.4.2\junit-jupiter-engine-5.4.2.jar;C:\Users\QaseerSaleh\.m2\repository\org\junit\platform\junit-platform-engine\1.4.2\junit-platform-engine-1.4.2.jar;C:\Users\QaseerSaleh\.m2\repository\org\mockito\mockito-core\3.5.10\mockito-core-3.5.10.jar;C:\Users\QaseerSaleh\.m2\repository\net\bytebuddy\byte-buddy\1.10.13\byte-buddy-1.10.13.jar;C:\Users\QaseerSaleh\.m2\repository\net\bytebuddy\byte-buddy-agent\1.10.13\byte-buddy-agent-1.10.13.jar;C:\Users\QaseerSaleh\.m2\repository\org\objenesis\objenesis\3.1\objenesis-3.1.jar;C:\Users\QaseerSaleh\.m2\repository\com\netflix\hystrix\hystrix-core\1.5.4\hystrix-core-1.5.4.jar;C:\Users\QaseerSaleh\.m2\repository\com\netflix\archaius\archaius-core\0.4.1\archaius-core-0.4.1.jar;C:\Users\QaseerSaleh\.m2\repository\commons-configuration\commons-configuration\1.8\commons-configuration-1.8.jar;C:\Users\QaseerSaleh\.m2\repository\commons-lang\commons-lang\2.6\commons-lang-2.6.jar;C:\Users\QaseerSaleh\.m2\repository\commons-logging\commons-logging\1.1.1\commons-logging-1.1.1.jar;C:\Users\QaseerSaleh\.m2\repository\io\reactivex\rxjava\1.1.8\rxjava-1.1.8.jar;C:\Users\QaseerSaleh\.m2\repository\org\slf4j\slf4j-api\1.7.0\slf4j-api-1.7.0.jar;C:\Users\QaseerSaleh\.m2\repository\org\hdrhistogram\HdrHistogram\2.1.9\HdrHistogram-2.1.9.jar;"/>
    <property name="sun.cpu.endian" value="little"/>
    <property name="user.home" value="C:\Users\QaseerSaleh"/>
    <property name="user.language" value="en"/>
    <property name="java.specification.vendor" value="Oracle Corporation"/>
    <property name="java.version.date" value="2020-07-14"/>
    <property name="java.home" value="C:\Program Files\Java\jdk-11.0.8"/>
    <property name="file.separator" value="\"/>
    <property name="basedir" value="C:\Users\QaseerSaleh\Documents\DePaul\SE480\Homeworks\HW3\Sim5\MicroServicesSim"/>
    <property name="java.vm.compressedOopsMode" value="Zero based"/>
    <property name="line.separator" value="&#10;"/>
    <property name="java.specification.name" value="Java Platform API Specification"/>
    <property name="java.vm.specification.vendor" value="Oracle Corporation"/>
    <property name="java.awt.graphicsenv" value="sun.awt.Win32GraphicsEnvironment"/>
    <property name="surefire.real.class.path" value="C:\Users\QASEER~1\AppData\Local\Temp\surefire15376522252759057229\surefirebooter575015801299020894.jar"/>
    <property name="user.script" value=""/>
    <property name="sun.management.compiler" value="HotSpot 64-Bit Tiered Compilers"/>
    <property name="java.runtime.version" value="11.0.8+10-LTS"/>
    <property name="user.name" value="QaseerSaleh"/>
    <property name="path.separator" value=";"/>
    <property name="os.version" value="10.0"/>
    <property name="java.runtime.name" value="Java(TM) SE Runtime Environment"/>
    <property name="file.encoding" value="Cp1252"/>
    <property name="java.vm.name" value="Java HotSpot(TM) 64-Bit Server VM"/>
    <property name="java.vendor.version" value="18.9"/>
    <property name="localRepository" value="C:\Users\QaseerSaleh\.m2\repository"/>
    <property name="java.vendor.url.bug" value="https://bugreport.java.com/bugreport/"/>
    <property name="java.io.tmpdir" value="C:\Users\QASEER~1\AppData\Local\Temp\"/>
    <property name="java.version" value="11.0.8"/>
    <property name="user.dir" value="C:\Users\QaseerSaleh\Documents\DePaul\SE480\Homeworks\HW3\Sim5\MicroServicesSim"/>
    <property name="os.arch" value="amd64"/>
    <property name="java.vm.specification.name" value="Java Virtual Machine Specification"/>
    <property name="java.awt.printerjob" value="sun.awt.windows.WPrinterJob"/>
    <property name="sun.os.patch.level" value=""/>
    <property name="java.library.path" value="C:\Program Files\Java\jdk-11.0.8\bin;C:\Windows\Sun\Java\bin;C:\Windows\system32;C:\Windows;C:\Program Files\Oculus\Support\oculus-runtime;C:\Program Files (x86)\Common Files\Oracle\Java\javapath;C:\Program Files (x86)\Razer Chroma SDK\bin;C:\Program Files\Razer Chroma SDK\bin;C:\Program Files (x86)\Razer\ChromaBroadcast\bin;C:\Program Files\Razer\ChromaBroadcast\bin;C:\Program Files\Common Files\Oracle\Java\javapath;C:\Windows\system32;C:\Windows;C:\Windows\System32\Wbem;C:\Windows\System32\WindowsPowerShell\v1.0\;C:\Windows\System32\OpenSSH\;C:\Program Files\Git\cmd;C:\Windows\system32\config\systemprofile\AppData\Local\Microsoft\WindowsApps;C:\Program Files\Java\jdk-11.0.8\bin;C:\Program Files\Maven\apache-maven-3.6.3-bin\apache-maven-3.6.3\bin;C:\Program Files\dotnet\;C:\Program Files\Microsoft SQL Server\130\Tools\Binn\;C:\Program Files\Microsoft SQL Server\Client SDK\ODBC\170\Tools\Binn\;C:\Program Files\NVIDIA Corporation\NVIDIA NvDLISR;C:\Program Files (x86)\NVIDIA Corporation\PhysX\Common;C:\Program Files\Perforce\;C:\Users\QaseerSaleh\AppData\Local\Microsoft\WindowsApps;;C:\Users\QaseerSaleh\AppData\Local\Programs\Microsoft VS Code\bin;C:\Users\QaseerSaleh\.dotnet\tools;."/>
    <property name="java.vendor" value="Oracle Corporation"/>
    <property name="java.vm.info" value="mixed mode"/>
    <property name="java.vm.version" value="11.0.8+10-LTS"/>
    <property name="sun.io.unicode.encoding" value="UnicodeLittle"/>
    <property name="java.class.version" value="55.0"/>
  </properties>
  <testcase name="boundary13Test" classname="salehqaseerH3.ServicesTest" time="0.165"/>
  <testcase name="under13Test" classname="salehqaseerH3.ServicesTest" time="0"/>
  <testcase name="under17Test" classname="salehqaseerH3.ServicesTest" time="0.001"/>
  <testcase name="boundaryAbove17Test" classname="salehqaseerH3.ServicesTest" time="0.001"/>
  <testcase name="userserviceUnavailable" classname="salehqaseerH3.ServicesTest" time="0.034"/>
  <testcase name="userserviceNotResponding" classname="salehqaseerH3.ServicesTest" time="1.006"/>
  <testcase name="above17Test" classname="salehqaseerH3.ServicesTest" time="0"/>
  <testcase name="userserviceNotResponding2" classname="salehqaseerH3.ServicesTest" time="1.009"/>
</testsuite>